<?xml version="1.0" encoding="UTF-8"?>
<testng-results ignored="0" total="1" passed="1" failed="0" skipped="0">
  <reporter-output>
  </reporter-output>
  <suite started-at="2022-08-07T08:35:35 IST" name="Default suite" finished-at="2022-08-07T08:35:38 IST" duration-ms="3054">
    <groups>
    </groups>
    <test started-at="2022-08-07T08:35:35 IST" name="Default test" finished-at="2022-08-07T08:35:38 IST" duration-ms="3054">
      <class name="com.testcases.TestCase_02">
        <test-method signature="testcase_02()[pri:0, instance:com.testcases.TestCase_02@55b7a4e0]" started-at="2022-08-07T08:35:35 IST" name="testcase_02" finished-at="2022-08-07T08:35:38 IST" duration-ms="3025" status="PASS">
          <reporter-output>
          </reporter-output>
        </test-method> <!-- testcase_02 -->
      </class> <!-- com.testcases.TestCase_02 -->
    </test> <!-- Default test -->
  </suite> <!-- Default suite -->
</testng-results>
