<?xml version="1.0" encoding="UTF-8"?>
<testng-results ignored="0" total="2" passed="2" failed="0" skipped="0">
  <reporter-output>
  </reporter-output>
  <suite started-at="2022-08-07T12:17:29 IST" name="Suite" finished-at="2022-08-07T12:17:36 IST" duration-ms="6519">
    <groups>
    </groups>
    <test started-at="2022-08-07T12:17:29 IST" name="Test" finished-at="2022-08-07T12:17:36 IST" duration-ms="6519">
      <class name="com.testcases.TestCase_01">
        <test-method signature="testcase_01()[pri:0, instance:com.testcases.TestCase_01@192d43ce]" started-at="2022-08-07T12:17:29 IST" name="testcase_01" finished-at="2022-08-07T12:17:34 IST" duration-ms="4560" status="PASS">
          <reporter-output>
          </reporter-output>
        </test-method> <!-- testcase_01 -->
      </class> <!-- com.testcases.TestCase_01 -->
      <class name="com.testcases.TestCase_02">
        <test-method signature="testcase_02()[pri:0, instance:com.testcases.TestCase_02@402bba4f]" started-at="2022-08-07T12:17:34 IST" name="testcase_02" finished-at="2022-08-07T12:17:36 IST" duration-ms="1830" status="PASS">
          <reporter-output>
          </reporter-output>
        </test-method> <!-- testcase_02 -->
      </class> <!-- com.testcases.TestCase_02 -->
    </test> <!-- Test -->
  </suite> <!-- Suite -->
</testng-results>
